Arguments: 
  D:\nodejs\node.exe D:\nodejs\node_modules\yarn\bin\yarn.js build:prop

PATH: 
  C:\Users\Wenz\bin;D:\Git\mingw64\bin;D:\Git\usr\local\bin;D:\Git\usr\bin;D:\Git\usr\bin;D:\Git\mingw64\bin;D:\Git\usr\bin;C:\Users\Wenz\bin;C:\windows\system32;C:\windows;C:\windows\System32\Wbem;C:\windows\System32\WindowsPowerShell\v1.0;F:\Java\bin;F:\Java\jre\bin;F:\Java\apache-maven-3.3.9\bin;D:\MySQL\MySQL Server 5.5\bin;C:\Program Files (x86)\MacType;D:\Git\cmd;F:\Java\apache-tomcat-7.0.72\lib;F:\Java\apache-tomcat-7.0.72\bin;F:\Java\apache-maven-3.3.9\bin;D:\nodejs;D:\Microsoft VS Code\bin;C:\Users\Wenz\AppData\Roaming\npm;D:\Microsoft VS Code\bin;D:\Git\usr\bin\vendor_perl;D:\Git\usr\bin\core_perl

Yarn version: 
  1.5.1

Node version: 
  8.11.3

Platform: 
  win32 x64

npm manifest: 
  {
    "name": "demo",
    "version": "0.0.2",
    "description": "webpack, vue, vuex, vue router, node",
    "main": "app.js",
    "scripts": {
      "dev": "node build/dev-server",
      "start": "node server",
      "build:dev": "rimraf dist && webpack --config build/webpack.dev.js --progress --hide-modules",
      "build:prod": "rimraf dist && webpack -p --config build/webpack.prod.js --progress --hide-modules",
      "package": ""
    },
    "author": "wenz",
    "license": "ISC",
    "dependencies": {
      "vue": "^2.5.17",
      "vue-router": "^3.0.2",
      "vuex": "^3.0.1"
    },
    "devDependencies": {
      "autoprefixer": "^9.3.1",
      "babel-core": "^6.26.3",
      "babel-loader": "^7.1.5",
      "babel-plugin-transform-runtime": "^6.23.0",
      "babel-preset-env": "^1.7.0",
      "babel-preset-stage-2": "^6.24.1",
      "css-loader": "^1.0.1",
      "express": "^4.16.4",
      "extract-text-webpack-plugin": "^4.0.0-beta.0",
      "html-webpack-plugin": "^3.2.0",
      "less": "^3.8.1",
      "less-loader": "^4.1.0",
      "style-loader": "^0.23.1",
      "uglifyjs-webpack-plugin": "^2.0.1",
      "url-loader": "^1.1.2",
      "vue-loader": "^15.4.2",
      "vue-template-compiler": "^2.5.17",
      "vuex-router-sync": "^5.0.0",
      "webpack": "^4.26.1",
      "webpack-cli": "^3.1.2",
      "webpack-dev-server": "^3.1.10",
      "webpack-merge": "^4.1.4"
    }
  }

yarn manifest: 
  No manifest

Lockfile: 
  # THIS IS AN AUTOGENERATED FILE. DO NOT EDIT THIS FILE DIRECTLY.
  # yarn lockfile v1
  
  
  vue-router@^3.0.2:
    version "3.0.2"
    resolved "http://registry.npm.taobao.org/vue-router/download/vue-router-3.0.2.tgz#dedc67afe6c4e2bc25682c8b1c2a8c0d7c7e56be"
  
  vue@^2.5.17:
    version "2.5.17"
    resolved "http://registry.npm.taobao.org/vue/download/vue-2.5.17.tgz#0f8789ad718be68ca1872629832ed533589c6ada"
  
  vuex@^3.0.1:
    version "3.0.1"
    resolved "http://registry.npm.taobao.org/vuex/download/vuex-3.0.1.tgz#e761352ebe0af537d4bb755a9b9dc4be3df7efd2"

Trace: 
  Error: Command "build:prop" not found. Did you mean "build:prod"?
      at new MessageError (D:\nodejs\node_modules\yarn\lib\cli.js:186:110)
      at D:\nodejs\node_modules\yarn\lib\cli.js:87307:17
      at Generator.next (<anonymous>)
      at step (D:\nodejs\node_modules\yarn\lib\cli.js:98:30)
      at D:\nodejs\node_modules\yarn\lib\cli.js:116:14
      at new Promise (<anonymous>)
      at new F (D:\nodejs\node_modules\yarn\lib\cli.js:23451:28)
      at D:\nodejs\node_modules\yarn\lib\cli.js:95:12
      at runCommand (D:\nodejs\node_modules\yarn\lib\cli.js:87312:22)
      at Object.<anonymous> (D:\nodejs\node_modules\yarn\lib\cli.js:87412:14)
